<?xml version="1.0" encoding="UTF-8"?>
<!-- Generated by org.testng.reporters.JUnitXMLReporter -->
<testsuite ignored="0" hostname="Lenovo-G500s" failures="0" tests="5" name="Test1" time="154.926" errors="0" timestamp="2022-07-28T15:48:21 IST">
  <testcase classname="com.vikasbank.testCases.TC_LoginTest_001" name="LoginTest" time="9.414"/>
  <testcase classname="com.vikasbank.testCases.TC_HomePage_001" name="testCurrentURL" time="8.917"/>
  <testcase classname="com.vikasbank.testCases.TC_HomePage_001" name="test3" time="1.487"/>
  <testcase classname="com.vikasbank.testCases.TC_HomePage_001" name="testTitle" time="0.081"/>
  <testcase classname="com.vikasbank.testCases.TC_AddCustomerTest_003" name="addNewCustomer" time="33.056"/>
</testsuite> <!-- Test1 -->
