<?xml version="1.0" encoding="UTF-8"?>
<testng-results ignored="0" total="5" passed="5" failed="0" skipped="0">
  <reporter-output>
  </reporter-output>
  <suite started-at="2022-07-28T15:45:46 IST" name="Ebanking_Vikas_v1" finished-at="2022-07-28T15:48:21 IST" duration-ms="154926">
    <groups>
    </groups>
    <test started-at="2022-07-28T15:45:46 IST" name="Test1" finished-at="2022-07-28T15:48:21 IST" duration-ms="154926">
      <class name="com.vikasbank.testCases.TC_AddCustomerTest_003">
        <test-method is-config="true" signature="setup(java.lang.String)[pri:0, instance:com.vikasbank.testCases.TC_AddCustomerTest_003@29626d54]" started-at="2022-07-28T15:46:49 IST" name="setup" finished-at="2022-07-28T15:47:46 IST" duration-ms="56281" status="PASS">
          <params>
            <param index="0">
              <value>
                <![CDATA[chrome]]>
              </value>
            </param>
          </params>
          <reporter-output>
          </reporter-output>
        </test-method> <!-- setup -->
        <test-method signature="addNewCustomer()[pri:0, instance:com.vikasbank.testCases.TC_AddCustomerTest_003@29626d54]" started-at="2022-07-28T15:47:46 IST" name="addNewCustomer" finished-at="2022-07-28T15:48:19 IST" duration-ms="33056" status="PASS">
          <reporter-output>
          </reporter-output>
        </test-method> <!-- addNewCustomer -->
        <test-method is-config="true" signature="teadDown()[pri:0, instance:com.vikasbank.testCases.TC_AddCustomerTest_003@29626d54]" started-at="2022-07-28T15:48:19 IST" name="teadDown" finished-at="2022-07-28T15:48:21 IST" duration-ms="1979" status="PASS">
          <reporter-output>
          </reporter-output>
        </test-method> <!-- teadDown -->
      </class> <!-- com.vikasbank.testCases.TC_AddCustomerTest_003 -->
      <class name="com.vikasbank.testCases.TC_HomePage_001">
        <test-method is-config="true" signature="setup(java.lang.String)[pri:0, instance:com.vikasbank.testCases.TC_HomePage_001@5bd03f44]" started-at="2022-07-28T15:46:24 IST" name="setup" finished-at="2022-07-28T15:46:38 IST" duration-ms="14053" status="PASS">
          <params>
            <param index="0">
              <value>
                <![CDATA[chrome]]>
              </value>
            </param>
          </params>
          <reporter-output>
          </reporter-output>
        </test-method> <!-- setup -->
        <test-method signature="testCurrentURL()[pri:0, instance:com.vikasbank.testCases.TC_HomePage_001@5bd03f44]" started-at="2022-07-28T15:46:38 IST" name="testCurrentURL" finished-at="2022-07-28T15:46:47 IST" duration-ms="8917" status="PASS">
          <reporter-output>
          </reporter-output>
        </test-method> <!-- testCurrentURL -->
        <test-method signature="test3()[pri:3, instance:com.vikasbank.testCases.TC_HomePage_001@5bd03f44]" started-at="2022-07-28T15:46:47 IST" name="test3" finished-at="2022-07-28T15:46:48 IST" depends-on-methods="com.vikasbank.testCases.TC_HomePage_001.testCurrentURL" duration-ms="1487" status="PASS">
          <reporter-output>
          </reporter-output>
        </test-method> <!-- test3 -->
        <test-method signature="testTitle()[pri:4, instance:com.vikasbank.testCases.TC_HomePage_001@5bd03f44]" started-at="2022-07-28T15:46:48 IST" name="testTitle" finished-at="2022-07-28T15:46:48 IST" depends-on-methods="com.vikasbank.testCases.TC_HomePage_001.testCurrentURL" duration-ms="81" status="PASS">
          <reporter-output>
          </reporter-output>
        </test-method> <!-- testTitle -->
        <test-method is-config="true" signature="teadDown()[pri:0, instance:com.vikasbank.testCases.TC_HomePage_001@5bd03f44]" started-at="2022-07-28T15:46:48 IST" name="teadDown" finished-at="2022-07-28T15:46:49 IST" duration-ms="833" status="PASS">
          <reporter-output>
          </reporter-output>
        </test-method> <!-- teadDown -->
      </class> <!-- com.vikasbank.testCases.TC_HomePage_001 -->
      <class name="com.vikasbank.testCases.TC_LoginTest_001">
        <test-method is-config="true" signature="setup(java.lang.String)[pri:0, instance:com.vikasbank.testCases.TC_LoginTest_001@cd3fee8]" started-at="2022-07-28T15:45:46 IST" name="setup" finished-at="2022-07-28T15:46:12 IST" duration-ms="25477" status="PASS">
          <params>
            <param index="0">
              <value>
                <![CDATA[chrome]]>
              </value>
            </param>
          </params>
          <reporter-output>
          </reporter-output>
        </test-method> <!-- setup -->
        <test-method signature="LoginTest()[pri:0, instance:com.vikasbank.testCases.TC_LoginTest_001@cd3fee8]" started-at="2022-07-28T15:46:12 IST" name="LoginTest" finished-at="2022-07-28T15:46:21 IST" duration-ms="9414" status="PASS">
          <reporter-output>
          </reporter-output>
        </test-method> <!-- LoginTest -->
        <test-method is-config="true" signature="teadDown()[pri:0, instance:com.vikasbank.testCases.TC_LoginTest_001@cd3fee8]" started-at="2022-07-28T15:46:21 IST" name="teadDown" finished-at="2022-07-28T15:46:24 IST" duration-ms="2437" status="PASS">
          <reporter-output>
          </reporter-output>
        </test-method> <!-- teadDown -->
      </class> <!-- com.vikasbank.testCases.TC_LoginTest_001 -->
    </test> <!-- Test1 -->
  </suite> <!-- Ebanking_Vikas_v1 -->
</testng-results>
